{
  "RSpec": {
    "coverage": {
      "/Users/chrissimmons/turing/2Module/exercises/bakery-b2/config/environment.rb": {
        "lines": [
          null,
          1,
          null,
          null,
          1
        ]
      },
      "/Users/chrissimmons/turing/2Module/exercises/bakery-b2/config/application.rb": {
        "lines": [
          1,
          null,
          1,
          null,
          1,
          1,
          1,
          1,
          1,
          1,
          1,
          1,
          1,
          1,
          null,
          null,
          null,
          null,
          1,
          null,
          1,
          1,
          null,
          1,
          null,
          null,
          null,
          null,
          null,
          null,
          null,
          null,
          null,
          null,
          1,
          null,
          null
        ]
      },
      "/Users/chrissimmons/turing/2Module/exercises/bakery-b2/config/boot.rb": {
        "lines": [
          1,
          null,
          1,
          1
        ]
      },
      "/Users/chrissimmons/turing/2Module/exercises/bakery-b2/config/environments/test.rb": {
        "lines": [
          1,
          null,
          null,
          null,
          null,
          null,
          null,
          1,
          null,
          null,
          null,
          1,
          null,
          null,
          null,
          null,
          1,
          null,
          null,
          1,
          1,
          null,
          null,
          null,
          null,
          1,
          1,
          1,
          null,
          null,
          1,
          null,
          null,
          1,
          null,
          null,
          1,
          null,
          1,
          null,
          null,
          null,
          null,
          1,
          null,
          null,
          1,
          null,
          null,
          1,
          null,
          null,
          1,
          null,
          null,
          null,
          null,
          null,
          null,
          null
        ]
      },
      "/Users/chrissimmons/turing/2Module/exercises/bakery-b2/config/initializers/assets.rb": {
        "lines": [
          null,
          null,
          null,
          1,
          null,
          null,
          null,
          null,
          null,
          null,
          null,
          null
        ]
      },
      "/Users/chrissimmons/turing/2Module/exercises/bakery-b2/config/initializers/content_security_policy.rb": {
        "lines": [
          null,
          null,
          null,
          null,
          null,
          null,
          null,
          null,
          null,
          null,
          null,
          null,
          null,
          null,
          null,
          null,
          null,
          null,
          null,
          null,
          null,
          null,
          null,
          null,
          null
        ]
      },
      "/Users/chrissimmons/turing/2Module/exercises/bakery-b2/config/initializers/filter_parameter_logging.rb": {
        "lines": [
          null,
          null,
          null,
          null,
          null,
          1,
          null,
          null
        ]
      },
      "/Users/chrissimmons/turing/2Module/exercises/bakery-b2/config/initializers/inflections.rb": {
        "lines": [
          null,
          null,
          null,
          null,
          null,
          null,
          null,
          null,
          null,
          null,
          null,
          null,
          null,
          null,
          null,
          null
        ]
      },
      "/Users/chrissimmons/turing/2Module/exercises/bakery-b2/config/initializers/permissions_policy.rb": {
        "lines": [
          null,
          null,
          null,
          null,
          null,
          null,
          null,
          null,
          null,
          null,
          null
        ]
      },
      "/Users/chrissimmons/turing/2Module/exercises/bakery-b2/config/routes.rb": {
        "lines": [
          1,
          null,
          null,
          null,
          null,
          null
        ]
      },
      "/Users/chrissimmons/turing/2Module/exercises/bakery-b2/app/helpers/application_helper.rb": {
        "lines": [
          1,
          null
        ]
      },
      "/Users/chrissimmons/turing/2Module/exercises/bakery-b2/app/models/baker.rb": {
        "lines": [
          1,
          null
        ]
      },
      "/Users/chrissimmons/turing/2Module/exercises/bakery-b2/app/models/application_record.rb": {
        "lines": [
          1,
          1,
          null
        ]
      },
      "/Users/chrissimmons/turing/2Module/exercises/bakery-b2/spec/models/ingredient_spec.rb": {
        "lines": [
          1,
          null,
          1,
          1,
          2,
          2,
          null,
          null
        ]
      },
      "/Users/chrissimmons/turing/2Module/exercises/bakery-b2/app/models/ingredient.rb": {
        "lines": [
          1,
          1,
          1,
          null
        ]
      },
      "/Users/chrissimmons/turing/2Module/exercises/bakery-b2/spec/models/recipe_ingredient_spec.rb": {
        "lines": [
          1,
          null,
          1,
          1,
          2,
          2,
          null,
          null
        ]
      },
      "/Users/chrissimmons/turing/2Module/exercises/bakery-b2/app/models/recipe_ingredient.rb": {
        "lines": [
          1,
          1,
          null
        ]
      },
      "/Users/chrissimmons/turing/2Module/exercises/bakery-b2/spec/models/recipe_spec.rb": {
        "lines": [
          1,
          null,
          1,
          1,
          2,
          2,
          null,
          null
        ]
      },
      "/Users/chrissimmons/turing/2Module/exercises/bakery-b2/app/models/recipe.rb": {
        "lines": [
          1,
          1,
          1,
          null
        ]
      }
    },
    "timestamp": 1688578412
  }
}
